<?xml version="1.0" encoding="UTF-8"?>
<robot generator="Robot 5.0.1 (Python 3.11.0rc2 on win32)" generated="20220927 12:35:08.357" rpa="false" schemaversion="3">
<suite id="s1" name="Robot Workspace" source="C:\Users\user\Robot Workspace">
<suite id="s1-s1" name="Flipkart" source="C:\Users\user\Robot Workspace\Flipkart">
<suite id="s1-s1-s1" name="Test" source="C:\Users\user\Robot Workspace\Flipkart\Test.robot">
<test id="s1-s1-s1-t1" name="Valid Login" line="13">
<kw name="Add a product to the cart">
<kw name="Open Browser" library="SeleniumLibrary">
<arg>${LOGIN URL}</arg>
<arg>${BROWSER}</arg>
<doc>Opens a new browser instance to the optional ``url``.</doc>
<msg timestamp="20220927 12:35:08.618" level="INFO">Opening browser 'Chrome' to base url 'https://www.flipkart.com/'.</msg>
<status status="PASS" starttime="20220927 12:35:08.618" endtime="20220927 12:36:13.828"/>
</kw>
<kw name="Set Selenium Implicit Wait" library="SeleniumLibrary">
<arg>5 second</arg>
<doc>Sets the implicit wait value used by Selenium.</doc>
<status status="PASS" starttime="20220927 12:36:13.828" endtime="20220927 12:36:13.833"/>
</kw>
<kw name="Maximize Browser Window" library="SeleniumLibrary">
<doc>Maximizes current browser window.</doc>
<status status="PASS" starttime="20220927 12:36:13.834" endtime="20220927 12:36:13.953"/>
</kw>
<kw name="Set Selenium Implicit Wait" library="SeleniumLibrary">
<arg>5 second</arg>
<doc>Sets the implicit wait value used by Selenium.</doc>
<status status="PASS" starttime="20220927 12:36:13.953" endtime="20220927 12:36:13.954"/>
</kw>
<kw name="Click Button" library="SeleniumLibrary">
<arg>xpath: /html/body/div[2]/div/div/button</arg>
<doc>Clicks the button identified by ``locator``.</doc>
<msg timestamp="20220927 12:36:13.955" level="INFO">Clicking button 'xpath: /html/body/div[2]/div/div/button'.</msg>
<status status="PASS" starttime="20220927 12:36:13.954" endtime="20220927 12:36:14.029"/>
</kw>
<kw name="Set Selenium Implicit Wait" library="SeleniumLibrary">
<arg>2 second</arg>
<doc>Sets the implicit wait value used by Selenium.</doc>
<status status="PASS" starttime="20220927 12:36:14.029" endtime="20220927 12:36:14.036"/>
</kw>
<kw name="Input Text" library="SeleniumLibrary">
<arg>xpath: //*[@id="container"]/div/div[1]/div[1]/div[2]/div[2]/form/div/div/input</arg>
<arg>${Searchbox}</arg>
<doc>Types the given ``text`` into the text field identified by ``locator``.</doc>
<msg timestamp="20220927 12:36:14.037" level="INFO">Typing text 'Mi Mobiles' into text field 'xpath: //*[@id="container"]/div/div[1]/div[1]/div[2]/div[2]/form/div/div/input'.</msg>
<status status="PASS" starttime="20220927 12:36:14.037" endtime="20220927 12:36:14.141"/>
</kw>
<kw name="Set Selenium Implicit Wait" library="SeleniumLibrary">
<arg>2 second</arg>
<doc>Sets the implicit wait value used by Selenium.</doc>
<status status="PASS" starttime="20220927 12:36:14.142" endtime="20220927 12:36:14.143"/>
</kw>
<kw name="Click Button" library="SeleniumLibrary">
<arg>xpath: //*[@id="container"]/div/div[1]/div[1]/div[2]/div[2]/form/div/button</arg>
<doc>Clicks the button identified by ``locator``.</doc>
<msg timestamp="20220927 12:36:14.144" level="INFO">Clicking button 'xpath: //*[@id="container"]/div/div[1]/div[1]/div[2]/div[2]/form/div/button'.</msg>
<status status="PASS" starttime="20220927 12:36:14.144" endtime="20220927 12:36:14.221"/>
</kw>
<kw name="Set Selenium Implicit Wait" library="SeleniumLibrary">
<arg>2 second</arg>
<doc>Sets the implicit wait value used by Selenium.</doc>
<status status="PASS" starttime="20220927 12:36:14.221" endtime="20220927 12:36:14.223"/>
</kw>
<kw name="Set Selenium Implicit Wait" library="SeleniumLibrary">
<arg>5 second</arg>
<doc>Sets the implicit wait value used by Selenium.</doc>
<status status="PASS" starttime="20220927 12:36:14.223" endtime="20220927 12:36:14.225"/>
</kw>
<kw name="Click Element" library="SeleniumLibrary">
<arg>xpath: //*[@id="container"]/div/div[3]/div[1]/div[2]/div[2]/div/div/div/a</arg>
<doc>Click the element identified by ``locator``.</doc>
<msg timestamp="20220927 12:36:14.226" level="INFO">Clicking element 'xpath: //*[@id="container"]/div/div[3]/div[1]/div[2]/div[2]/div/div/div/a'.</msg>
<status status="PASS" starttime="20220927 12:36:14.225" endtime="20220927 12:36:15.753"/>
</kw>
<kw name="Set Selenium Implicit Wait" library="SeleniumLibrary">
<arg>10 second</arg>
<doc>Sets the implicit wait value used by Selenium.</doc>
<status status="PASS" starttime="20220927 12:36:15.754" endtime="20220927 12:36:15.755"/>
</kw>
<kw name="Switch Window" library="SeleniumLibrary">
<arg>new</arg>
<doc>Switches to browser window matching ``locator``.</doc>
<status status="PASS" starttime="20220927 12:36:15.756" endtime="20220927 12:36:15.763"/>
</kw>
<kw name="Set Selenium Implicit Wait" library="SeleniumLibrary">
<arg>10 second</arg>
<doc>Sets the implicit wait value used by Selenium.</doc>
<status status="PASS" starttime="20220927 12:36:15.763" endtime="20220927 12:36:15.765"/>
</kw>
<kw name="Click Element" library="SeleniumLibrary">
<arg>xpath: //*[@id="container"]/div/div[3]/div[1]/div[1]/div[2]/div/ul/li[1]/button</arg>
<doc>Click the element identified by ``locator``.</doc>
<msg timestamp="20220927 12:36:15.766" level="INFO">Clicking element 'xpath: //*[@id="container"]/div/div[3]/div[1]/div[1]/div[2]/div/ul/li[1]/button'.</msg>
<status status="PASS" starttime="20220927 12:36:15.766" endtime="20220927 12:36:20.220"/>
</kw>
<kw name="Set Selenium Implicit Wait" library="SeleniumLibrary">
<arg>3 second</arg>
<doc>Sets the implicit wait value used by Selenium.</doc>
<status status="PASS" starttime="20220927 12:36:20.220" endtime="20220927 12:36:20.222"/>
</kw>
<status status="PASS" starttime="20220927 12:35:08.617" endtime="20220927 12:36:20.222"/>
</kw>
<kw name="Verify wheather cart has the added product">
<kw name="Switch Window" library="SeleniumLibrary">
<arg>main</arg>
<doc>Switches to browser window matching ``locator``.</doc>
<status status="PASS" starttime="20220927 12:36:20.224" endtime="20220927 12:36:20.239"/>
</kw>
<kw name="Set Selenium Implicit Wait" library="SeleniumLibrary">
<arg>3 second</arg>
<doc>Sets the implicit wait value used by Selenium.</doc>
<status status="PASS" starttime="20220927 12:36:20.239" endtime="20220927 12:36:20.241"/>
</kw>
<kw name="Click Element" library="SeleniumLibrary">
<arg>xpath: //*[@id="container"]/div/div[1]/div[1]/div[2]/div[6]/div/div/a</arg>
<doc>Click the element identified by ``locator``.</doc>
<msg timestamp="20220927 12:36:20.244" level="INFO">Clicking element 'xpath: //*[@id="container"]/div/div[1]/div[1]/div[2]/div[6]/div/div/a'.</msg>
<status status="PASS" starttime="20220927 12:36:20.242" endtime="20220927 12:36:20.314"/>
</kw>
<kw name="Set Selenium Implicit Wait" library="SeleniumLibrary">
<arg>10 second</arg>
<doc>Sets the implicit wait value used by Selenium.</doc>
<status status="PASS" starttime="20220927 12:36:20.314" endtime="20220927 12:36:20.316"/>
</kw>
<kw name="Log To Console" library="BuiltIn">
<arg>Same Product</arg>
<doc>Logs the given message to the console.</doc>
<status status="PASS" starttime="20220927 12:36:20.316" endtime="20220927 12:36:20.317"/>
</kw>
<kw name="Close Browser" library="SeleniumLibrary">
<doc>Closes the current browser.</doc>
<status status="PASS" starttime="20220927 12:36:20.317" endtime="20220927 12:36:22.552"/>
</kw>
<status status="PASS" starttime="20220927 12:36:20.223" endtime="20220927 12:36:22.553"/>
</kw>
<status status="PASS" starttime="20220927 12:35:08.616" endtime="20220927 12:36:22.555"/>
</test>
<doc>Simple example using SeleniumLibrary.</doc>
<status status="PASS" starttime="20220927 12:35:08.394" endtime="20220927 12:36:22.565"/>
</suite>
<status status="PASS" starttime="20220927 12:35:08.391" endtime="20220927 12:36:22.580"/>
</suite>
<status status="PASS" starttime="20220927 12:35:08.361" endtime="20220927 12:36:22.591"/>
</suite>
<statistics>
<total>
<stat pass="1" fail="0" skip="0">All Tests</stat>
</total>
<tag>
</tag>
<suite>
<stat pass="1" fail="0" skip="0" id="s1" name="Robot Workspace">Robot Workspace</stat>
<stat pass="1" fail="0" skip="0" id="s1-s1" name="Flipkart">Robot Workspace.Flipkart</stat>
<stat pass="1" fail="0" skip="0" id="s1-s1-s1" name="Test">Robot Workspace.Flipkart.Test</stat>
</suite>
</statistics>
<errors>
</errors>
</robot>
